[   173.356] (--) Log file renamed from "/home/ubuntu/.local/share/xorg/Xorg.pid-4560.log" to "/home/ubuntu/.local/share/xorg/Xorg.0.log"
[   173.357] 
X.Org X Server 1.20.9
X Protocol Version 11, Revision 0
[   173.357] Build Operating System: Linux 4.15.0-130-generic x86_64 Ubuntu
[   173.357] Current Operating System: Linux ubuntu 5.8.0-43-generic #49~20.04.1-Ubuntu SMP Fri Feb 5 09:57:56 UTC 2021 x86_64
[   173.357] Kernel command line: file=/cdrom/preseed/ubuntu.seed initrd=/casper/initrd quiet splash --- maybe-ubiquity
[   173.357] Build Date: 17 January 2021  09:13:31AM
[   173.357] xorg-server 2:1.20.9-2ubuntu1.2~20.04.1 (For technical support please see http://www.ubuntu.com/support) 
[   173.357] Current version of pixman: 0.38.4
[   173.357] 	Before reporting problems, check http://wiki.x.org
	to make sure that you have the latest version.
[   173.357] Markers: (--) probed, (**) from config file, (==) default setting,
	(++) from command line, (!!) notice, (II) informational,
	(WW) warning, (EE) error, (NI) not implemented, (??) unknown.
[   173.358] (==) Log file: "/home/ubuntu/.local/share/xorg/Xorg.0.log", Time: Tue Apr 20 18:21:46 2021
[   173.358] (==) Using system config directory "/usr/share/X11/xorg.conf.d"
[   173.359] (==) No Layout section.  Using the first Screen section.
[   173.359] (==) No screen section available. Using defaults.
[   173.359] (**) |-->Screen "Default Screen Section" (0)
[   173.360] (**) |   |-->Monitor "<default monitor>"
[   173.360] (==) No monitor specified for screen "Default Screen Section".
	Using a default monitor configuration.
[   173.360] (==) Automatically adding devices
[   173.360] (==) Automatically enabling devices
[   173.360] (==) Automatically adding GPU devices
[   173.360] (==) Automatically binding GPU devices
[   173.360] (==) Max clients allowed: 256, resource mask: 0x1fffff
[   173.360] (WW) The directory "/usr/share/fonts/X11/cyrillic" does not exist.
[   173.360] 	Entry deleted from font path.
[   173.360] (WW) The directory "/usr/share/fonts/X11/100dpi/" does not exist.
[   173.360] 	Entry deleted from font path.
[   173.360] (WW) The directory "/usr/share/fonts/X11/75dpi/" does not exist.
[   173.360] 	Entry deleted from font path.
[   173.360] (WW) The directory "/usr/share/fonts/X11/100dpi" does not exist.
[   173.360] 	Entry deleted from font path.
[   173.360] (WW) The directory "/usr/share/fonts/X11/75dpi" does not exist.
[   173.360] 	Entry deleted from font path.
[   173.360] (==) FontPath set to:
	/usr/share/fonts/X11/misc,
	/usr/share/fonts/X11/Type1,
	built-ins
[   173.361] (==) ModulePath set to "/usr/lib/xorg/modules"
[   173.361] (II) The server relies on udev to provide the list of input devices.
	If no devices become available, reconfigure udev or disable AutoAddDevices.
[   173.361] (II) Loader magic: 0x562404005020
[   173.361] (II) Module ABI versions:
[   173.361] 	X.Org ANSI C Emulation: 0.4
[   173.361] 	X.Org Video Driver: 24.1
[   173.361] 	X.Org XInput driver : 24.1
[   173.361] 	X.Org Server Extension : 10.0
[   173.363] (++) using VT number 2

[   173.368] (II) systemd-logind: took control of session /org/freedesktop/login1/session/_32
[   173.369] (II) xfree86: Adding drm device (/dev/dri/card0)
[   173.370] (II) systemd-logind: got fd for /dev/dri/card0 226:0 fd 12 paused 0
[   173.374] (--) PCI:*(0@0:2:0) 8086:0a16:1025:0866 rev 11, Mem @ 0xb0000000/4194304, 0xa0000000/268435456, I/O @ 0x00004000/64, BIOS @ 0x????????/131072
[   173.374] (II) LoadModule: "glx"
[   173.374] (II) Loading /usr/lib/xorg/modules/extensions/libglx.so
[   173.378] (II) Module glx: vendor="X.Org Foundation"
[   173.378] 	compiled for 1.20.9, module version = 1.0.0
[   173.378] 	ABI class: X.Org Server Extension, version 10.0
[   173.378] (==) Matched modesetting as autoconfigured driver 0
[   173.378] (==) Matched fbdev as autoconfigured driver 1
[   173.378] (==) Matched vesa as autoconfigured driver 2
[   173.378] (==) Assigned the driver to the xf86ConfigLayout
[   173.378] (II) LoadModule: "modesetting"
[   173.379] (II) Loading /usr/lib/xorg/modules/drivers/modesetting_drv.so
[   173.380] (II) Module modesetting: vendor="X.Org Foundation"
[   173.380] 	compiled for 1.20.9, module version = 1.20.9
[   173.380] 	Module class: X.Org Video Driver
[   173.380] 	ABI class: X.Org Video Driver, version 24.1
[   173.380] (II) LoadModule: "fbdev"
[   173.381] (II) Loading /usr/lib/xorg/modules/drivers/fbdev_drv.so
[   173.382] (II) Module fbdev: vendor="X.Org Foundation"
[   173.382] 	compiled for 1.20.1, module version = 0.5.0
[   173.382] 	Module class: X.Org Video Driver
[   173.382] 	ABI class: X.Org Video Driver, version 24.0
[   173.382] (II) LoadModule: "vesa"
[   173.382] (II) Loading /usr/lib/xorg/modules/drivers/vesa_drv.so
[   173.383] (II) Module vesa: vendor="X.Org Foundation"
[   173.383] 	compiled for 1.20.4, module version = 2.4.0
[   173.383] 	Module class: X.Org Video Driver
[   173.383] 	ABI class: X.Org Video Driver, version 24.0
[   173.383] (II) modesetting: Driver for Modesetting Kernel Drivers: kms
[   173.384] (II) FBDEV: driver for framebuffer: fbdev
[   173.384] (II) VESA: driver for VESA chipsets: vesa
[   173.384] xf86EnableIOPorts: failed to set IOPL for I/O (Operation not permitted)
[   173.384] (II) modeset(0): using drv /dev/dri/card0
[   173.384] (WW) Falling back to old probe method for fbdev
[   173.384] (II) Loading sub module "fbdevhw"
[   173.384] (II) LoadModule: "fbdevhw"
[   173.384] (II) Loading /usr/lib/xorg/modules/libfbdevhw.so
[   173.386] (II) Module fbdevhw: vendor="X.Org Foundation"
[   173.386] 	compiled for 1.20.9, module version = 0.0.2
[   173.386] 	ABI class: X.Org Video Driver, version 24.1
[   173.386] (EE) open /dev/fb0: Permission denied
[   173.386] (WW) VGA arbiter: cannot open kernel arbiter, no multi-card support
[   173.386] (II) modeset(0): Creating default Display subsection in Screen section
	"Default Screen Section" for depth/fbbpp 24/32
[   173.386] (==) modeset(0): Depth 24, (==) framebuffer bpp 32
[   173.386] (==) modeset(0): RGB weight 888
[   173.386] (==) modeset(0): Default visual is TrueColor
[   173.386] (II) Loading sub module "glamoregl"
[   173.386] (II) LoadModule: "glamoregl"
[   173.386] (II) Loading /usr/lib/xorg/modules/libglamoregl.so
[   173.396] (II) Module glamoregl: vendor="X.Org Foundation"
[   173.396] 	compiled for 1.20.9, module version = 1.0.1
[   173.396] 	ABI class: X.Org ANSI C Emulation, version 0.4
[   173.424] (II) modeset(0): glamor X acceleration enabled on Mesa DRI Intel(R) HD Graphics 4400 (HSW GT2)
[   173.424] (II) modeset(0): glamor initialized
[   173.425] (II) modeset(0): Output eDP-1 has no monitor section
[   173.425] (II) modeset(0): Output DP-1 has no monitor section
[   173.620] (II) modeset(0): Output HDMI-1 has no monitor section
[   173.621] (II) modeset(0): Output HDMI-2 has no monitor section
[   173.622] (II) modeset(0): EDID for output eDP-1
[   173.622] (II) modeset(0): Manufacturer: CMN  Model: 15bf  Serial#: 0
[   173.622] (II) modeset(0): Year: 2013  Week: 30
[   173.622] (II) modeset(0): EDID Version: 1.4
[   173.622] (II) modeset(0): Digital Display Input
[   173.622] (II) modeset(0): 6 bits per channel
[   173.622] (II) modeset(0): Digital interface is DisplayPort
[   173.622] (II) modeset(0): Max Image Size [cm]: horiz.: 34  vert.: 19
[   173.622] (II) modeset(0): Gamma: 2.20
[   173.622] (II) modeset(0): No DPMS capabilities specified
[   173.622] (II) modeset(0): Supported color encodings: RGB 4:4:4 
[   173.622] (II) modeset(0): First detailed timing is preferred mode
[   173.622] (II) modeset(0): Preferred mode is native pixel format and refresh rate
[   173.622] (II) modeset(0): redX: 0.573 redY: 0.346   greenX: 0.341 greenY: 0.595
[   173.622] (II) modeset(0): blueX: 0.161 blueY: 0.115   whiteX: 0.313 whiteY: 0.329
[   173.622] (II) modeset(0): Manufacturer's mask: 0
[   173.622] (II) modeset(0): Supported detailed timing:
[   173.622] (II) modeset(0): clock: 76.4 MHz   Image Size:  344 x 193 mm
[   173.622] (II) modeset(0): h_active: 1366  h_sync: 1434  h_sync_end 1479 h_blank_end 1592 h_border: 0
[   173.622] (II) modeset(0): v_active: 768  v_sync: 772  v_sync_end 779 v_blanking: 800 v_border: 0
[   173.622] (II) modeset(0):  N156BGE-E41
[   173.622] (II) modeset(0):  CMN
[   173.622] (II) modeset(0):  N156BGE-E41
[   173.622] (II) modeset(0): EDID (in hex):
[   173.622] (II) modeset(0): 	00ffffffffffff000daebf1500000000
[   173.622] (II) modeset(0): 	1e1701049522137802e5659258579829
[   173.622] (II) modeset(0): 	1d505400000001010101010101010101
[   173.622] (II) modeset(0): 	010101010101da1d56e250002030442d
[   173.622] (II) modeset(0): 	470058c110000018000000fe004e3135
[   173.622] (II) modeset(0): 	364247452d4534310a20000000fe0043
[   173.623] (II) modeset(0): 	4d4e0a202020202020202020000000fe
[   173.623] (II) modeset(0): 	004e3135364247452d4534310a2000a0
[   173.623] (II) modeset(0): Printing probed modes for output eDP-1
[   173.623] (II) modeset(0): Modeline "1366x768"x60.0   76.42  1366 1434 1479 1592  768 772 779 800 -hsync -vsync (48.0 kHz eP)
[   173.623] (II) modeset(0): Modeline "1360x768"x59.8   84.75  1360 1432 1568 1776  768 771 781 798 -hsync +vsync (47.7 kHz d)
[   173.623] (II) modeset(0): Modeline "1360x768"x60.0   72.00  1360 1408 1440 1520  768 771 781 790 +hsync -vsync (47.4 kHz d)
[   173.623] (II) modeset(0): Modeline "1280x720"x120.0  156.12  1280 1376 1512 1744  720 721 724 746 doublescan -hsync +vsync (89.5 kHz d)
[   173.623] (II) modeset(0): Modeline "1280x720"x120.0  120.75  1280 1304 1320 1360  720 721 724 740 doublescan +hsync -vsync (88.8 kHz d)
[   173.623] (II) modeset(0): Modeline "1280x720"x59.9   74.50  1280 1344 1472 1664  720 723 728 748 -hsync +vsync (44.8 kHz d)
[   173.623] (II) modeset(0): Modeline "1280x720"x59.7   63.75  1280 1328 1360 1440  720 723 728 741 +hsync -vsync (44.3 kHz d)
[   173.623] (II) modeset(0): Modeline "1024x768"x120.1  133.47  1024 1100 1212 1400  768 768 770 794 doublescan -hsync +vsync (95.3 kHz d)
[   173.623] (II) modeset(0): Modeline "1024x768"x60.0   65.00  1024 1048 1184 1344  768 771 777 806 -hsync -vsync (48.4 kHz d)
[   173.623] (II) modeset(0): Modeline "960x720"x120.0  117.00  960 1024 1128 1300  720 720 722 750 doublescan -hsync +vsync (90.0 kHz d)
[   173.623] (II) modeset(0): Modeline "928x696"x120.1  109.15  928 976 1088 1264  696 696 698 719 doublescan -hsync +vsync (86.4 kHz d)
[   173.623] (II) modeset(0): Modeline "896x672"x120.0  102.40  896 960 1060 1224  672 672 674 697 doublescan -hsync +vsync (83.7 kHz d)
[   173.623] (II) modeset(0): Modeline "1024x576"x119.9   98.50  1024 1092 1200 1376  576 577 580 597 doublescan -hsync +vsync (71.6 kHz d)
[   173.623] (II) modeset(0): Modeline "1024x576"x119.9   78.38  1024 1048 1064 1104  576 577 580 592 doublescan +hsync -vsync (71.0 kHz d)
[   173.623] (II) modeset(0): Modeline "1024x576"x59.9   46.50  1024 1064 1160 1296  576 579 584 599 -hsync +vsync (35.9 kHz d)
[   173.623] (II) modeset(0): Modeline "1024x576"x59.8   42.00  1024 1072 1104 1184  576 579 584 593 +hsync -vsync (35.5 kHz d)
[   173.623] (II) modeset(0): Modeline "960x600"x119.9   96.62  960 1028 1128 1296  600 601 604 622 doublescan -hsync +vsync (74.6 kHz d)
[   173.623] (II) modeset(0): Modeline "960x600"x120.0   77.00  960 984 1000 1040  600 601 604 617 doublescan +hsync -vsync (74.0 kHz d)
[   173.623] (II) modeset(0): Modeline "960x540"x119.9   86.50  960 1024 1124 1288  540 541 544 560 doublescan -hsync +vsync (67.2 kHz d)
[   173.623] (II) modeset(0): Modeline "960x540"x120.0   69.25  960 984 1000 1040  540 541 544 555 doublescan +hsync -vsync (66.6 kHz d)
[   173.623] (II) modeset(0): Modeline "960x540"x59.6   40.75  960 992 1088 1216  540 543 548 562 -hsync +vsync (33.5 kHz d)
[   173.623] (II) modeset(0): Modeline "960x540"x59.8   37.25  960 1008 1040 1120  540 543 548 556 +hsync -vsync (33.3 kHz d)
[   173.623] (II) modeset(0): Modeline "800x600"x120.0   81.00  800 832 928 1080  600 600 602 625 doublescan +hsync +vsync (75.0 kHz d)
[   173.623] (II) modeset(0): Modeline "800x600"x60.3   40.00  800 840 968 1056  600 601 605 628 +hsync +vsync (37.9 kHz d)
[   173.623] (II) modeset(0): Modeline "800x600"x56.2   36.00  800 824 896 1024  600 601 603 625 +hsync +vsync (35.2 kHz d)
[   173.623] (II) modeset(0): Modeline "840x525"x120.0   73.12  840 892 980 1120  525 526 529 544 doublescan -hsync +vsync (65.3 kHz d)
[   173.623] (II) modeset(0): Modeline "840x525"x119.8   59.50  840 864 880 920  525 526 529 540 doublescan +hsync -vsync (64.7 kHz d)
[   173.623] (II) modeset(0): Modeline "864x486"x59.9   32.50  864 888 968 1072  486 489 494 506 -hsync +vsync (30.3 kHz d)
[   173.623] (II) modeset(0): Modeline "864x486"x59.6   30.50  864 912 944 1024  486 489 494 500 +hsync -vsync (29.8 kHz d)
[   173.623] (II) modeset(0): Modeline "800x512"x120.3   51.56  800 800 828 832  512 512 514 515 doublescan +hsync +vsync (62.0 kHz d)
[   173.623] (II) modeset(0): Modeline "700x525"x120.0   61.00  700 744 820 940  525 526 532 541 doublescan +hsync +vsync (64.9 kHz d)
[   173.623] (II) modeset(0): Modeline "800x450"x119.9   59.12  800 848 928 1056  450 451 454 467 doublescan -hsync +vsync (56.0 kHz d)
[   173.623] (II) modeset(0): Modeline "800x450"x119.6   48.75  800 824 840 880  450 451 454 463 doublescan +hsync -vsync (55.4 kHz d)
[   173.623] (II) modeset(0): Modeline "640x512"x120.0   54.00  640 664 720 844  512 512 514 533 doublescan +hsync +vsync (64.0 kHz d)
[   173.623] (II) modeset(0): Modeline "720x450"x119.8   53.25  720 760 836 952  450 451 454 467 doublescan -hsync +vsync (55.9 kHz d)
[   173.623] (II) modeset(0): Modeline "700x450"x119.9   51.75  700 740 812 924  450 451 456 467 doublescan -hsync +vsync (56.0 kHz d)
[   173.623] (II) modeset(0): Modeline "700x450"x119.8   43.25  700 724 740 780  450 451 456 463 doublescan +hsync -vsync (55.4 kHz d)
[   173.623] (II) modeset(0): Modeline "640x480"x120.0   54.00  640 688 744 900  480 480 482 500 doublescan +hsync +vsync (60.0 kHz d)
[   173.623] (II) modeset(0): Modeline "640x480"x59.9   25.18  640 656 752 800  480 490 492 525 -hsync -vsync (31.5 kHz d)
[   173.623] (II) modeset(0): Modeline "720x405"x59.5   22.50  720 744 808 896  405 408 413 422 -hsync +vsync (25.1 kHz d)
[   173.623] (II) modeset(0): Modeline "720x405"x59.0   21.75  720 768 800 880  405 408 413 419 +hsync -vsync (24.7 kHz d)
[   173.623] (II) modeset(0): Modeline "684x384"x119.8   42.62  684 720 788 892  384 385 390 399 doublescan -hsync +vsync (47.8 kHz d)
[   173.623] (II) modeset(0): Modeline "684x384"x119.7   36.12  684 708 724 764  384 385 390 395 doublescan +hsync -vsync (47.3 kHz d)
[   173.623] (II) modeset(0): Modeline "680x384"x119.6   42.38  680 716 784 888  384 385 390 399 doublescan -hsync +vsync (47.7 kHz d)
[   173.623] (II) modeset(0): Modeline "680x384"x119.9   36.00  680 704 720 760  384 385 390 395 doublescan +hsync -vsync (47.4 kHz d)
[   173.623] (II) modeset(0): Modeline "640x400"x119.8   41.75  640 676 740 840  400 401 404 415 doublescan -hsync +vsync (49.7 kHz d)
[   173.623] (II) modeset(0): Modeline "640x400"x120.0   35.50  640 664 680 720  400 401 404 411 doublescan +hsync -vsync (49.3 kHz d)
[   173.623] (II) modeset(0): Modeline "576x432"x120.1   40.81  576 608 668 760  432 432 434 447 doublescan -hsync +vsync (53.7 kHz d)
[   173.623] (II) modeset(0): Modeline "640x360"x119.7   37.25  640 672 736 832  360 361 364 374 doublescan -hsync +vsync (44.8 kHz d)
[   173.623] (II) modeset(0): Modeline "640x360"x119.7   31.88  640 664 680 720  360 361 364 370 doublescan +hsync -vsync (44.3 kHz d)
[   173.623] (II) modeset(0): Modeline "640x360"x59.8   18.00  640 664 720 800  360 363 368 376 -hsync +vsync (22.5 kHz d)
[   173.623] (II) modeset(0): Modeline "640x360"x59.3   17.75  640 688 720 800  360 363 368 374 +hsync -vsync (22.2 kHz d)
[   173.623] (II) modeset(0): Modeline "512x384"x120.0   32.50  512 524 592 672  384 385 388 403 doublescan -hsync -vsync (48.4 kHz d)
[   173.623] (II) modeset(0): Modeline "512x288"x120.0   23.25  512 532 580 648  288 289 292 299 doublescan -hsync +vsync (35.9 kHz d)
[   173.623] (II) modeset(0): Modeline "512x288"x119.8   21.00  512 536 552 592  288 289 292 296 doublescan +hsync -vsync (35.5 kHz d)
[   173.623] (II) modeset(0): Modeline "480x270"x119.3   20.38  480 496 544 608  270 271 274 281 doublescan -hsync +vsync (33.5 kHz d)
[   173.623] (II) modeset(0): Modeline "480x270"x119.6   18.62  480 504 520 560  270 271 274 278 doublescan +hsync -vsync (33.3 kHz d)
[   173.623] (II) modeset(0): Modeline "400x300"x120.6   20.00  400 420 484 528  300 300 302 314 doublescan +hsync +vsync (37.9 kHz d)
[   173.623] (II) modeset(0): Modeline "400x300"x112.7   18.00  400 412 448 512  300 300 301 312 doublescan +hsync +vsync (35.2 kHz d)
[   173.623] (II) modeset(0): Modeline "432x243"x119.8   16.25  432 444 484 536  243 244 247 253 doublescan -hsync +vsync (30.3 kHz d)
[   173.623] (II) modeset(0): Modeline "432x243"x119.1   15.25  432 456 472 512  243 244 247 250 doublescan +hsync -vsync (29.8 kHz d)
[   173.624] (II) modeset(0): Modeline "320x240"x120.1   12.59  320 328 376 400  240 245 246 262 doublescan -hsync -vsync (31.5 kHz d)
[   173.624] (II) modeset(0): Modeline "360x202"x119.0   11.25  360 372 404 448  202 204 206 211 doublescan -hsync +vsync (25.1 kHz d)
[   173.624] (II) modeset(0): Modeline "360x202"x118.3   10.88  360 384 400 440  202 204 206 209 doublescan +hsync -vsync (24.7 kHz d)
[   173.624] (II) modeset(0): Modeline "320x180"x119.7    9.00  320 332 360 400  180 181 184 188 doublescan -hsync +vsync (22.5 kHz d)
[   173.624] (II) modeset(0): Modeline "320x180"x118.6    8.88  320 344 360 400  180 181 184 187 doublescan +hsync -vsync (22.2 kHz d)
[   173.624] (II) modeset(0): EDID for output DP-1
[   173.816] (II) modeset(0): EDID for output HDMI-1
[   173.817] (II) modeset(0): EDID for output HDMI-2
[   173.817] (II) modeset(0): Output eDP-1 connected
[   173.817] (II) modeset(0): Output DP-1 disconnected
[   173.817] (II) modeset(0): Output HDMI-1 disconnected
[   173.817] (II) modeset(0): Output HDMI-2 disconnected
[   173.817] (II) modeset(0): Using exact sizes for initial modes
[   173.817] (II) modeset(0): Output eDP-1 using initial mode 1366x768 +0+0
[   173.817] (==) modeset(0): Using gamma correction (1.0, 1.0, 1.0)
[   173.817] (==) modeset(0): DPI set to (96, 96)
[   173.817] (II) Loading sub module "fb"
[   173.817] (II) LoadModule: "fb"
[   173.818] (II) Loading /usr/lib/xorg/modules/libfb.so
[   173.818] (II) Module fb: vendor="X.Org Foundation"
[   173.818] 	compiled for 1.20.9, module version = 1.0.0
[   173.818] 	ABI class: X.Org ANSI C Emulation, version 0.4
[   173.818] (II) UnloadModule: "fbdev"
[   173.818] (II) Unloading fbdev
[   173.818] (II) UnloadSubModule: "fbdevhw"
[   173.818] (II) Unloading fbdevhw
[   173.818] (II) UnloadModule: "vesa"
[   173.818] (II) Unloading vesa
[   173.939] (==) modeset(0): Backing store enabled
[   173.939] (==) modeset(0): Silken mouse enabled
[   174.015] (II) modeset(0): Initializing kms color map for depth 24, 8 bpc.
[   174.015] (==) modeset(0): DPMS enabled
[   174.016] (II) modeset(0): [DRI2] Setup complete
[   174.016] (II) modeset(0): [DRI2]   DRI driver: i965
[   174.016] (II) modeset(0): [DRI2]   VDPAU driver: va_gl
[   174.016] (II) Initializing extension Generic Event Extension
[   174.016] (II) Initializing extension SHAPE
[   174.016] (II) Initializing extension MIT-SHM
[   174.017] (II) Initializing extension XInputExtension
[   174.017] (II) Initializing extension XTEST
[   174.017] (II) Initializing extension BIG-REQUESTS
[   174.017] (II) Initializing extension SYNC
[   174.018] (II) Initializing extension XKEYBOARD
[   174.018] (II) Initializing extension XC-MISC
[   174.018] (II) Initializing extension SECURITY
[   174.018] (II) Initializing extension XFIXES
[   174.019] (II) Initializing extension RENDER
[   174.019] (II) Initializing extension RANDR
[   174.019] (II) Initializing extension COMPOSITE
[   174.020] (II) Initializing extension DAMAGE
[   174.020] (II) Initializing extension MIT-SCREEN-SAVER
[   174.020] (II) Initializing extension DOUBLE-BUFFER
[   174.020] (II) Initializing extension RECORD
[   174.021] (II) Initializing extension DPMS
[   174.021] (II) Initializing extension Present
[   174.021] (II) Initializing extension DRI3
[   174.021] (II) Initializing extension X-Resource
[   174.022] (II) Initializing extension XVideo
[   174.022] (II) Initializing extension XVideo-MotionCompensation
[   174.022] (II) Initializing extension SELinux
[   174.022] (II) SELinux: Disabled on system
[   174.022] (II) Initializing extension GLX
[   174.030] (II) AIGLX: Loaded and initialized i965
[   174.030] (II) GLX: Initialized DRI2 GL provider for screen 0
[   174.030] (II) Initializing extension XFree86-VidModeExtension
[   174.030] (II) Initializing extension XFree86-DGA
[   174.030] (II) Initializing extension XFree86-DRI
[   174.030] (II) Initializing extension DRI2
[   174.033] (II) modeset(0): Damage tracking initialized
[   174.033] (II) modeset(0): Setting screen physical size to 361 x 203
[   174.088] (II) config/udev: Adding input device Power Button (/dev/input/event3)
[   174.088] (**) Power Button: Applying InputClass "libinput keyboard catchall"
[   174.088] (II) LoadModule: "libinput"
[   174.089] (II) Loading /usr/lib/xorg/modules/input/libinput_drv.so
[   174.091] (II) Module libinput: vendor="X.Org Foundation"
[   174.091] 	compiled for 1.20.4, module version = 0.29.0
[   174.091] 	Module class: X.Org XInput Driver
[   174.091] 	ABI class: X.Org XInput driver, version 24.1
[   174.091] (II) Using input driver 'libinput' for 'Power Button'
[   174.092] (II) systemd-logind: got fd for /dev/input/event3 13:67 fd 22 paused 0
[   174.092] (**) Power Button: always reports core events
[   174.093] (**) Option "Device" "/dev/input/event3"
[   174.093] (**) Option "_source" "server/udev"
[   174.098] (II) event3  - Power Button: is tagged by udev as: Keyboard
[   174.098] (II) event3  - Power Button: device is a keyboard
[   174.098] (II) event3  - Power Button: device removed
[   174.098] (**) Option "config_info" "udev:/sys/devices/LNXSYSTM:00/LNXPWRBN:00/input/input3/event3"
[   174.099] (II) XINPUT: Adding extended input device "Power Button" (type: KEYBOARD, id 6)
[   174.099] (**) Option "xkb_model" "pc105"
[   174.099] (**) Option "xkb_layout" "us"
[   174.101] (II) event3  - Power Button: is tagged by udev as: Keyboard
[   174.101] (II) event3  - Power Button: device is a keyboard
[   174.102] (II) config/udev: Adding input device Video Bus (/dev/input/event7)
[   174.102] (**) Video Bus: Applying InputClass "libinput keyboard catchall"
[   174.102] (II) Using input driver 'libinput' for 'Video Bus'
[   174.103] (II) systemd-logind: got fd for /dev/input/event7 13:71 fd 25 paused 0
[   174.103] (**) Video Bus: always reports core events
[   174.103] (**) Option "Device" "/dev/input/event7"
[   174.103] (**) Option "_source" "server/udev"
[   174.106] (II) event7  - Video Bus: is tagged by udev as: Keyboard
[   174.107] (II) event7  - Video Bus: device is a keyboard
[   174.107] (II) event7  - Video Bus: device removed
[   174.107] (**) Option "config_info" "udev:/sys/devices/LNXSYSTM:00/LNXSYBUS:00/PNP0A08:00/LNXVIDEO:00/input/input8/event7"
[   174.107] (II) XINPUT: Adding extended input device "Video Bus" (type: KEYBOARD, id 7)
[   174.107] (**) Option "xkb_model" "pc105"
[   174.107] (**) Option "xkb_layout" "us"
[   174.109] (II) event7  - Video Bus: is tagged by udev as: Keyboard
[   174.109] (II) event7  - Video Bus: device is a keyboard
[   174.110] (II) config/udev: Adding input device Power Button (/dev/input/event1)
[   174.110] (**) Power Button: Applying InputClass "libinput keyboard catchall"
[   174.110] (II) Using input driver 'libinput' for 'Power Button'
[   174.111] (II) systemd-logind: got fd for /dev/input/event1 13:65 fd 26 paused 0
[   174.111] (**) Power Button: always reports core events
[   174.111] (**) Option "Device" "/dev/input/event1"
[   174.111] (**) Option "_source" "server/udev"
[   174.114] (II) event1  - Power Button: is tagged by udev as: Keyboard
[   174.114] (II) event1  - Power Button: device is a keyboard
[   174.114] (II) event1  - Power Button: device removed
[   174.114] (**) Option "config_info" "udev:/sys/devices/LNXSYSTM:00/LNXSYBUS:00/PNP0A08:00/device:01/PNP0C0C:00/input/input1/event1"
[   174.114] (II) XINPUT: Adding extended input device "Power Button" (type: KEYBOARD, id 8)
[   174.114] (**) Option "xkb_model" "pc105"
[   174.114] (**) Option "xkb_layout" "us"
[   174.116] (II) event1  - Power Button: is tagged by udev as: Keyboard
[   174.116] (II) event1  - Power Button: device is a keyboard
[   174.117] (II) config/udev: Adding input device Lid Switch (/dev/input/event0)
[   174.117] (II) No input driver specified, ignoring this device.
[   174.117] (II) This device may have been added with another device file.
[   174.118] (II) config/udev: Adding input device Sleep Button (/dev/input/event2)
[   174.118] (**) Sleep Button: Applying InputClass "libinput keyboard catchall"
[   174.118] (II) Using input driver 'libinput' for 'Sleep Button'
[   174.119] (II) systemd-logind: got fd for /dev/input/event2 13:66 fd 27 paused 0
[   174.119] (**) Sleep Button: always reports core events
[   174.119] (**) Option "Device" "/dev/input/event2"
[   174.119] (**) Option "_source" "server/udev"
[   174.122] (II) event2  - Sleep Button: is tagged by udev as: Keyboard
[   174.122] (II) event2  - Sleep Button: device is a keyboard
[   174.122] (II) event2  - Sleep Button: device removed
[   174.122] (**) Option "config_info" "udev:/sys/devices/LNXSYSTM:00/LNXSYBUS:00/PNP0A08:00/device:01/PNP0C0E:00/input/input2/event2"
[   174.123] (II) XINPUT: Adding extended input device "Sleep Button" (type: KEYBOARD, id 9)
[   174.123] (**) Option "xkb_model" "pc105"
[   174.123] (**) Option "xkb_layout" "us"
[   174.124] (II) event2  - Sleep Button: is tagged by udev as: Keyboard
[   174.125] (II) event2  - Sleep Button: device is a keyboard
[   174.126] (II) config/udev: Adding input device HDA Intel HDMI HDMI/DP,pcm=3 (/dev/input/event10)
[   174.126] (II) No input driver specified, ignoring this device.
[   174.126] (II) This device may have been added with another device file.
[   174.126] (II) config/udev: Adding input device HDA Intel HDMI HDMI/DP,pcm=7 (/dev/input/event11)
[   174.126] (II) No input driver specified, ignoring this device.
[   174.126] (II) This device may have been added with another device file.
[   174.127] (II) config/udev: Adding input device HDA Intel HDMI HDMI/DP,pcm=8 (/dev/input/event12)
[   174.127] (II) No input driver specified, ignoring this device.
[   174.127] (II) This device may have been added with another device file.
[   174.128] (II) config/udev: Adding input device HDA Intel HDMI HDMI/DP,pcm=9 (/dev/input/event13)
[   174.128] (II) No input driver specified, ignoring this device.
[   174.128] (II) This device may have been added with another device file.
[   174.128] (II) config/udev: Adding input device HDA Intel HDMI HDMI/DP,pcm=10 (/dev/input/event14)
[   174.128] (II) No input driver specified, ignoring this device.
[   174.128] (II) This device may have been added with another device file.
[   174.129] (II) config/udev: Adding input device HD WebCam: HD WebCam (/dev/input/event9)
[   174.129] (**) HD WebCam: HD WebCam: Applying InputClass "libinput keyboard catchall"
[   174.129] (II) Using input driver 'libinput' for 'HD WebCam: HD WebCam'
[   174.130] (II) systemd-logind: got fd for /dev/input/event9 13:73 fd 28 paused 0
[   174.130] (**) HD WebCam: HD WebCam: always reports core events
[   174.130] (**) Option "Device" "/dev/input/event9"
[   174.131] (**) Option "_source" "server/udev"
[   174.133] (II) event9  - HD WebCam: HD WebCam: is tagged by udev as: Keyboard
[   174.134] (II) event9  - HD WebCam: HD WebCam: device is a keyboard
[   174.134] (II) event9  - HD WebCam: HD WebCam: device removed
[   174.134] (**) Option "config_info" "udev:/sys/devices/pci0000:00/0000:00:14.0/usb2/2-7/2-7:1.0/input/input13/event9"
[   174.134] (II) XINPUT: Adding extended input device "HD WebCam: HD WebCam" (type: KEYBOARD, id 10)
[   174.134] (**) Option "xkb_model" "pc105"
[   174.134] (**) Option "xkb_layout" "us"
[   174.136] (II) event9  - HD WebCam: HD WebCam: is tagged by udev as: Keyboard
[   174.136] (II) event9  - HD WebCam: HD WebCam: device is a keyboard
[   174.137] (II) config/udev: Adding input device HDA Intel PCH Headphone (/dev/input/event15)
[   174.137] (II) No input driver specified, ignoring this device.
[   174.137] (II) This device may have been added with another device file.
[   174.137] (II) config/udev: Adding input device SYN1B7E:01 06CB:2970 Mouse (/dev/input/event6)
[   174.137] (**) SYN1B7E:01 06CB:2970 Mouse: Applying InputClass "libinput pointer catchall"
[   174.137] (II) Using input driver 'libinput' for 'SYN1B7E:01 06CB:2970 Mouse'
[   174.139] (II) systemd-logind: got fd for /dev/input/event6 13:70 fd 29 paused 0
[   174.139] (**) SYN1B7E:01 06CB:2970 Mouse: always reports core events
[   174.139] (**) Option "Device" "/dev/input/event6"
[   174.139] (**) Option "_source" "server/udev"
[   174.141] (II) event6  - SYN1B7E:01 06CB:2970 Mouse: is tagged by udev as: Mouse Pointingstick
[   174.142] (II) event6  - SYN1B7E:01 06CB:2970 Mouse: device is a pointer
[   174.143] (II) event6  - SYN1B7E:01 06CB:2970 Mouse: device removed
[   174.143] (**) Option "config_info" "udev:/sys/devices/pci0000:00/INT33C3:00/i2c-0/i2c-SYN1B7E:01/0018:06CB:2970.0001/input/input10/event6"
[   174.143] (II) XINPUT: Adding extended input device "SYN1B7E:01 06CB:2970 Mouse" (type: MOUSE, id 11)
[   174.143] (**) Option "AccelerationScheme" "none"
[   174.143] (**) SYN1B7E:01 06CB:2970 Mouse: (accel) selected scheme none/0
[   174.143] (**) SYN1B7E:01 06CB:2970 Mouse: (accel) acceleration factor: 2.000
[   174.143] (**) SYN1B7E:01 06CB:2970 Mouse: (accel) acceleration threshold: 4
[   174.145] (II) event6  - SYN1B7E:01 06CB:2970 Mouse: is tagged by udev as: Mouse Pointingstick
[   174.145] (II) event6  - SYN1B7E:01 06CB:2970 Mouse: device is a pointer
[   174.147] (II) config/udev: Adding input device SYN1B7E:01 06CB:2970 Mouse (/dev/input/mouse0)
[   174.147] (II) No input driver specified, ignoring this device.
[   174.147] (II) This device may have been added with another device file.
[   174.148] (II) config/udev: Adding input device SYN1B7E:01 06CB:2970 Touchpad (/dev/input/event8)
[   174.148] (**) SYN1B7E:01 06CB:2970 Touchpad: Applying InputClass "libinput touchpad catchall"
[   174.148] (II) Using input driver 'libinput' for 'SYN1B7E:01 06CB:2970 Touchpad'
[   174.149] (II) systemd-logind: got fd for /dev/input/event8 13:72 fd 30 paused 0
[   174.149] (**) SYN1B7E:01 06CB:2970 Touchpad: always reports core events
[   174.149] (**) Option "Device" "/dev/input/event8"
[   174.149] (**) Option "_source" "server/udev"
[   174.152] (II) event8  - SYN1B7E:01 06CB:2970 Touchpad: is tagged by udev as: Touchpad
[   174.154] (II) event8  - SYN1B7E:01 06CB:2970 Touchpad: device is a touchpad
[   174.154] (II) event8  - SYN1B7E:01 06CB:2970 Touchpad: device removed
[   174.154] (**) Option "config_info" "udev:/sys/devices/pci0000:00/INT33C3:00/i2c-0/i2c-SYN1B7E:01/0018:06CB:2970.0001/input/input11/event8"
[   174.154] (II) XINPUT: Adding extended input device "SYN1B7E:01 06CB:2970 Touchpad" (type: TOUCHPAD, id 12)
[   174.156] (**) Option "AccelerationScheme" "none"
[   174.156] (**) SYN1B7E:01 06CB:2970 Touchpad: (accel) selected scheme none/0
[   174.156] (**) SYN1B7E:01 06CB:2970 Touchpad: (accel) acceleration factor: 2.000
[   174.156] (**) SYN1B7E:01 06CB:2970 Touchpad: (accel) acceleration threshold: 4
[   174.158] (II) event8  - SYN1B7E:01 06CB:2970 Touchpad: is tagged by udev as: Touchpad
[   174.160] (II) event8  - SYN1B7E:01 06CB:2970 Touchpad: device is a touchpad
[   174.161] (II) config/udev: Adding input device SYN1B7E:01 06CB:2970 Touchpad (/dev/input/mouse1)
[   174.161] (II) No input driver specified, ignoring this device.
[   174.161] (II) This device may have been added with another device file.
[   174.162] (II) config/udev: Adding input device AT Translated Set 2 keyboard (/dev/input/event4)
[   174.162] (**) AT Translated Set 2 keyboard: Applying InputClass "libinput keyboard catchall"
[   174.162] (II) Using input driver 'libinput' for 'AT Translated Set 2 keyboard'
[   174.163] (II) systemd-logind: got fd for /dev/input/event4 13:68 fd 31 paused 0
[   174.163] (**) AT Translated Set 2 keyboard: always reports core events
[   174.163] (**) Option "Device" "/dev/input/event4"
[   174.163] (**) Option "_source" "server/udev"
[   174.165] (II) event4  - AT Translated Set 2 keyboard: is tagged by udev as: Keyboard
[   174.166] (II) event4  - AT Translated Set 2 keyboard: device is a keyboard
[   174.167] (II) event4  - AT Translated Set 2 keyboard: device removed
[   174.167] (**) Option "config_info" "udev:/sys/devices/platform/i8042/serio0/input/input4/event4"
[   174.167] (II) XINPUT: Adding extended input device "AT Translated Set 2 keyboard" (type: KEYBOARD, id 13)
[   174.167] (**) Option "xkb_model" "pc105"
[   174.167] (**) Option "xkb_layout" "us"
[   174.169] (II) event4  - AT Translated Set 2 keyboard: is tagged by udev as: Keyboard
[   174.169] (II) event4  - AT Translated Set 2 keyboard: device is a keyboard
[   174.173] (II) config/udev: Adding input device Acer WMI hotkeys (/dev/input/event5)
[   174.173] (**) Acer WMI hotkeys: Applying InputClass "libinput keyboard catchall"
[   174.173] (II) Using input driver 'libinput' for 'Acer WMI hotkeys'
[   174.175] (II) systemd-logind: got fd for /dev/input/event5 13:69 fd 32 paused 0
[   174.175] (**) Acer WMI hotkeys: always reports core events
[   174.175] (**) Option "Device" "/dev/input/event5"
[   174.175] (**) Option "_source" "server/udev"
[   174.176] (II) event5  - Acer WMI hotkeys: is tagged by udev as: Keyboard
[   174.176] (II) event5  - Acer WMI hotkeys: device is a keyboard
[   174.177] (II) event5  - Acer WMI hotkeys: device removed
[   174.177] (**) Option "config_info" "udev:/sys/devices/virtual/input/input9/event5"
[   174.177] (II) XINPUT: Adding extended input device "Acer WMI hotkeys" (type: KEYBOARD, id 14)
[   174.177] (**) Option "xkb_model" "pc105"
[   174.177] (**) Option "xkb_layout" "us"
[   174.178] (II) event5  - Acer WMI hotkeys: is tagged by udev as: Keyboard
[   174.178] (II) event5  - Acer WMI hotkeys: device is a keyboard
[   175.392] (II) modeset(0): EDID vendor "CMN", prod id 5567
[   175.392] (II) modeset(0): Printing DDC gathered Modelines:
[   175.392] (II) modeset(0): Modeline "1366x768"x0.0   76.42  1366 1434 1479 1592  768 772 779 800 -hsync -vsync (48.0 kHz eP)
[   473.151] (EE) event8  - SYN1B7E:01 06CB:2970 Touchpad: kernel bug: Touch jump detected and discarded.
See https://wayland.freedesktop.org/libinput/doc/1.15.5/touchpad-jumping-cursors.html for details
[   637.643] (EE) event8  - SYN1B7E:01 06CB:2970 Touchpad: kernel bug: Touch jump detected and discarded.
See https://wayland.freedesktop.org/libinput/doc/1.15.5/touchpad-jumping-cursors.html for details
[  1047.204] (EE) event8  - SYN1B7E:01 06CB:2970 Touchpad: kernel bug: Touch jump detected and discarded.
See https://wayland.freedesktop.org/libinput/doc/1.15.5/touchpad-jumping-cursors.html for details
[  1081.218] (EE) client bug: timer event8 keyboard: scheduled expiry is in the past (-403ms), your system is too slow
[  1081.218] (EE) client bug: timer event8 keyboard: scheduled expiry is in the past (-94ms), your system is too slow
[  1353.631] (EE) event8  - SYN1B7E:01 06CB:2970 Touchpad: kernel bug: Touch jump detected and discarded.
See https://wayland.freedesktop.org/libinput/doc/1.15.5/touchpad-jumping-cursors.html for details
[  2109.199] (EE) event8  - SYN1B7E:01 06CB:2970 Touchpad: kernel bug: Touch jump detected and discarded.
See https://wayland.freedesktop.org/libinput/doc/1.15.5/touchpad-jumping-cursors.html for details
[  2109.199] (EE) event8  - SYN1B7E:01 06CB:2970 Touchpad: WARNING: log rate limit exceeded (5 msgs per 7200000ms). Discarding future messages.
